<?xml version="1.0" encoding="UTF-8"?>
<testng-results ignored="0" total="1" passed="1" failed="0" skipped="0">
  <reporter-output>
  </reporter-output>
  <suite started-at="2024-05-14T15:13:57 IST" name="Default suite" finished-at="2024-05-14T15:15:40 IST" duration-ms="103149">
    <groups>
    </groups>
    <test started-at="2024-05-14T15:13:57 IST" name="Default test" finished-at="2024-05-14T15:15:40 IST" duration-ms="103149">
      <class name="AppiumLearning.AppiumLearning.EcommerceTest">
        <test-method is-config="true" signature="configureAppium()[pri:0, instance:AppiumLearning.AppiumLearning.EcommerceTest@1e6a3214]" started-at="2024-05-14T15:13:57 IST" name="configureAppium" finished-at="2024-05-14T15:14:24 IST" duration-ms="27426" status="PASS">
          <reporter-output>
          </reporter-output>
        </test-method> <!-- configureAppium -->
        <test-method signature="hybridApp()[pri:0, instance:AppiumLearning.AppiumLearning.EcommerceTest@1e6a3214]" started-at="2024-05-14T15:14:24 IST" name="hybridApp" finished-at="2024-05-14T15:15:35 IST" duration-ms="70600" status="PASS">
          <reporter-output>
          </reporter-output>
        </test-method> <!-- hybridApp -->
        <test-method is-config="true" signature="tearDown()[pri:0, instance:AppiumLearning.AppiumLearning.EcommerceTest@1e6a3214]" started-at="2024-05-14T15:15:35 IST" name="tearDown" finished-at="2024-05-14T15:15:40 IST" duration-ms="5055" status="PASS">
          <reporter-output>
          </reporter-output>
        </test-method> <!-- tearDown -->
      </class> <!-- AppiumLearning.AppiumLearning.EcommerceTest -->
    </test> <!-- Default test -->
  </suite> <!-- Default suite -->
</testng-results>
