<?xml version="1.0" encoding="UTF-8"?>
<!-- Generated by org.testng.reporters.JUnitXMLReporter -->
<testsuite ignored="2" hostname="LP-5CG0471MNB" failures="0" tests="1" name="Default test" time="103.149" errors="0" timestamp="2024-05-14T15:15:40 IST">
  <testcase classname="AppiumLearning.AppiumLearning.EcommerceTest" name="hybridApp" time="70.6"/>
  <testcase classname="AppiumLearning.AppiumLearning.EcommerceTest" name="sumCheck" time="0.0">
    <ignored/>
  </testcase> <!-- sumCheck -->
  <testcase classname="AppiumLearning.AppiumLearning.EcommerceTest" name="addToCart" time="0.0">
    <ignored/>
  </testcase> <!-- addToCart -->
</testsuite> <!-- Default test -->
